AviaryLauncher/proguard/seeds.txt
com.aviary.launcher.MainActivity
...
it.sephiroth.android.library.imagezoom.ImageViewTouchBase: ImageViewTouchBase(android.content.Context,android.util.AttributeSet)
com.aviary.android.feather.widget.AdapterView
com.aviary.android.feather.widget.AdapterView: AdapterView(android.content.Context,android.util.AttributeSet)
com.aviary.android.feather.widget.AbsSpinner
com.aviary.android.feather.widget.AbsSpinner: AbsSpinner(android.content.Context,android.util.AttributeSet)
com.aviary.android.feather.widget.AdapterView: AdapterView(android.content.Context,android.util.AttributeSet)
com.aviary.android.feather.widget.wp.WorkspaceIndicator
com.aviary.android.feather.widget.wp.WorkspaceIndicator: WorkspaceIndicator(android.content.Context,android.util.AttributeSet)
com.aviary.android.feather.widget.HorizontialFixedListView
com.aviary.android.feather.widget.HorizontialFixedListView: HorizontialFixedListView(android.content.Context,android.util.AttributeSet)
it.sephiroth.android.library.imagezoom.ImageViewTouch
it.sephiroth.android.library.imagezoom.ImageViewTouch: ImageViewTouch(android.content.Context,android.util.AttributeSet)
it.sephiroth.android.library.imagezoom.ImageViewTouchBase: ImageViewTouchBase(android.content.Context,android.util.AttributeSet)
com.aviary.android.feather.widget.ImageButtonRadioButton
com.aviary.android.feather.widget.ImageButtonRadioButton: ImageButtonRadioButton(android.content.Context,android.util.AttributeSet)
com.aviary.android.feather.widget.HorizontialListView
com.aviary.android.feather.widget.HorizontialListView: HorizontialListView(android.content.Context,android.util.AttributeSet)
com.aviary.android.feather.widget.wp.Workspace
com.aviary.android.feather.widget.wp.Workspace: Workspace(android.content.Context,android.util.AttributeSet,int)
com.aviary.android.feather.widget.Wheel
com.aviary.android.feather.widget.Wheel: Wheel(android.content.Context,android.util.AttributeSet,int)
com.aviary.android.feather.widget.wp.CellLayout
com.aviary.android.feather.widget.wp.CellLayout: CellLayout(android.content.Context,android.util.AttributeSet,int)
com.aviary.android.feather.widget.Gallery
com.aviary.android.feather.widget.Gallery: Gallery(android.content.Context,android.util.AttributeSet,int)
com.aviary.android.feather.widget.AbsSpinner: AbsSpinner(android.content.Context,android.util.AttributeSet,int)
com.aviary.android.feather.widget.AdapterView: AdapterView(android.content.Context,android.util.AttributeSet,int)
com.aviary.android.feather.widget.AdjustImageView
com.aviary.android.feather.widget.AdjustImageView: AdjustImageView(android.content.Context,android.util.AttributeSet,int)
com.aviary.android.feather.widget.WheelRadio
com.aviary.android.feather.widget.WheelRadio: WheelRadio(android.content.Context,android.util.AttributeSet,int)
com.aviary.android.feather.widget.AdapterView
com.aviary.android.feather.widget.AdapterView: AdapterView(android.content.Context,android.util.AttributeSet,int)
com.aviary.android.feather.widget.AbsSpinner
com.aviary.android.feather.widget.AbsSpinner: AbsSpinner(android.content.Context,android.util.AttributeSet,int)
com.aviary.android.feather.widget.AdapterView: AdapterView(android.content.Context,android.util.AttributeSet,int)
it.sephiroth.android.library.imagezoom.ImageViewTouchBase$Command: it.sephiroth.android.library.imagezoom.ImageViewTouchBase$Command[] values()
it.sephiroth.android.library.imagezoom.ImageViewTouchBase$Command: it.sephiroth.android.library.imagezoom.ImageViewTouchBase$Command valueOf(java.lang.String)
com.aviary.android.feather.library.utils.UserTask$Status: com.aviary.android.feather.library.utils.UserTask$Status[] values()
com.aviary.android.feather.library.utils.UserTask$Status: com.aviary.android.feather.library.utils.UserTask$Status valueOf(java.lang.String)