AviaryLauncher/proguard/mapping.txt
com.aviary.launcher.MainActivity -> com.aviary.launcher.MainActivity:
    android.widget.Button mButton -> c
    android.widget.Button mButton2 -> d
    android.widget.ImageView mImage -> e
    java.io.File mOutputFile -> f
    android.view.View mImageContainer -> a
    android.net.Uri mImageUri -> b
    int imageWidth -> g
    int imageHeight -> h
    java.io.File mGalleryFolder -> i
    android.os.Handler mHandler -> j
    void onCreate(android.os.Bundle) -> onCreate
    void onResume() -> onResume
    void loadAsync(android.net.Uri) -> a
    void onDestroy() -> onDestroy
    void onContentChanged() -> onContentChanged
    boolean onCreateOptionsMenu(android.view.Menu) -> onCreateOptionsMenu
    boolean onOptionsItemSelected(android.view.MenuItem) -> onOptionsItemSelected
    android.app.Dialog onCreateDialog(int) -> onCreateDialog
    void onActivityResult(int,int,android.content.Intent) -> onActivityResult
    boolean setImageURI(android.net.Uri) -> b
    java.lang.String getLibraryVersion() -> a
    void access$1(com.aviary.launcher.MainActivity,android.net.Uri) -> a
    boolean access$3(com.aviary.launcher.MainActivity,android.net.Uri) -> b
    android.os.Handler access$4(com.aviary.launcher.MainActivity) -> a
    void access$5(com.aviary.launcher.MainActivity,android.net.Uri) -> c
com.aviary.launcher.MainActivity$1 -> com.aviary.launcher.b:
    com.aviary.launcher.MainActivity this$0 -> a
    void onClick(android.view.View) -> onClick
com.aviary.launcher.MainActivity$2 -> com.aviary.launcher.d:
    com.aviary.launcher.MainActivity this$0 -> a
    void onClick(android.view.View) -> onClick
com.aviary.launcher.MainActivity$3 -> com.aviary.launcher.e:
    com.aviary.launcher.MainActivity this$0 -> a
    void onClick(android.view.View) -> onClick
com.aviary.launcher.MainActivity$4 -> com.aviary.launcher.c:
    com.aviary.launcher.MainActivity this$0 -> a
    android.net.Uri val$uri -> b
    void run() -> run
com.aviary.launcher.MainActivity$4$1 -> com.aviary.launcher.a:
    com.aviary.launcher.MainActivity$4 this$1 -> a
    android.net.Uri val$uri -> b
    void run() -> run
...
com.aviary.android.feather.widget.wp.CellLayout -> com.aviary.android.feather.widget.wp.CellLayout:
    int mCellWidth -> a
    int mCellHeight -> b
    int mStartPadding -> c
    int mEndPadding -> d
    int mTopPadding -> e
    int mBottomPadding -> f
    int mAxisRows -> g
    int mAxisCells -> h
    int mWidthGap -> i
    int mHeightGap -> j
    int mCellPaddingH -> k
    int mCellPaddingV -> l
    com.aviary.android.feather.widget.wp.CellLayout$CellInfo mCellInfo -> m
    int[] mCellXY -> n
    boolean[][] mOccupied -> o
    boolean mLastDownOnOccupiedCell -> p
    com.aviary.android.feather.library.log.LoggerFactory$Logger logger -> q
    void resetCells() -> a
    void setNumCols(int) -> a
    void removeAllViews() -> removeAllViews
    void dispatchDraw(android.graphics.Canvas) -> dispatchDraw
    void cancelLongPress() -> cancelLongPress
    void addView(android.view.View,int,android.view.ViewGroup$LayoutParams) -> addView
    com.aviary.android.feather.widget.wp.CellLayout$CellInfo findVacantCell$7558a314(int) -> b
    boolean findVacantCell(int,int,int,int) -> a
    void requestChildFocus(android.view.View,android.view.View) -> requestChildFocus
    void onAttachedToWindow() -> onAttachedToWindow
    boolean requestFocus(int,android.graphics.Rect) -> requestFocus
    boolean onTouchEvent(android.view.MotionEvent) -> onTouchEvent
    void onMeasure(int,int) -> onMeasure
    void onLayout(boolean,int,int,int,int) -> onLayout
com.aviary.android.feather.widget.wp.CellLayout$CellInfo -> com.aviary.android.feather.widget.wp.e:
    android.view.View cell -> f
    int cellX -> a
    int cellY -> b
    int spanH -> c
    int spanV -> d
    int screen -> e
    android.graphics.Rect current -> g
    java.lang.String toString() -> toString
com.aviary.android.feather.widget.wp.CellLayout$LayoutParams -> com.aviary.android.feather.widget.wp.CellLayout$LayoutParams:
    int cellX -> a
    int cellY -> b
    int cellHSpan -> c
    int cellVSpan -> d
    int x -> e
    int y -> f
    boolean regenerateId -> g
com.aviary.android.feather.widget.wp.EdgeGlow -> com.aviary.android.feather.widget.wp.f:
    android.graphics.drawable.Drawable mEdge -> a
    android.graphics.drawable.Drawable mGlow -> b
    int mWidth -> c
    int mHeight -> d
    float mEdgeAlpha -> e
    float mEdgeScaleY -> f
    float mGlowAlpha -> g
    float mGlowScaleY -> h
    float mEdgeAlphaStart -> i
    float mEdgeAlphaFinish -> j
    float mEdgeScaleYStart -> k
    float mEdgeScaleYFinish -> l
    float mGlowAlphaStart -> m
    float mGlowAlphaFinish -> n
    float mGlowScaleYStart -> o
    float mGlowScaleYFinish -> p
    long mStartTime -> q
    float mDuration -> r
    android.view.animation.Interpolator mInterpolator -> s
    int mState -> t
    float mPullDistance -> u
    void setSize(int,int) -> a
    boolean isFinished() -> a
    void onPull(float) -> a
    void onRelease() -> b
    void onAbsorb(int) -> a
    boolean draw(android.graphics.Canvas) -> a