AviaryLauncher/proguard/usage.txt
com.aviary.launcher.MainActivity:
    private static final int ACTION_REQUEST_GALLERY
    private static final int ACTION_REQUEST_FEATHER
    private static final int EXTERNAL_STORAGE_UNAVAILABLE
    private static final java.lang.String API_KEY
    private static final java.lang.String FOLDER_NAME
    protected static final java.lang.String LOG_TAG
com.aviary.launcher.R
com.aviary.launcher.R$anim
com.aviary.launcher.R$array
com.aviary.launcher.R$attr
com.aviary.launcher.R$color
com.aviary.launcher.R$dimen
com.aviary.launcher.R$drawable
com.aviary.launcher.R$id
com.aviary.launcher.R$integer
com.aviary.launcher.R$layout
com.aviary.launcher.R$menu
com.aviary.launcher.R$string
com.aviary.launcher.R$style
com.aviary.launcher.R$styleable
...
com.aviary.android.feather.graphics.ToolIconsDrawable:
    static final int state_pressed
com.aviary.android.feather.library.content.FeatherIntent:
    public static final java.lang.String ACTION_PLUGIN_ADDED
    public static final java.lang.String ACTION_PLUGIN_REMOVED
    public static final java.lang.String ACTION_PLUGIN_REPLACED
com.aviary.android.feather.library.filters.AbstractColorMatrixFilter:
    public abstract float getAmount(int,int)
com.aviary.android.feather.library.filters.BlurFilter:
    com.aviary.android.feather.library.moa.MoaAction mAction
com.aviary.android.feather.library.filters.BrightnessFilter:
    15:25:public float getAmount(int,int)
com.aviary.android.feather.library.filters.ContrastFilter:
    37:47:public float getAmount(int,int)
com.aviary.android.feather.library.filters.ConvolutionMatrixFilter
com.aviary.android.feather.library.filters.EnhanceFilter:
    45:45:public void executeInPlace(android.graphics.Bitmap)
com.aviary.android.feather.library.filters.ILevelFilter:
    public abstract android.graphics.ColorMatrixColorFilter apply(float)
    public abstract float getAmount(int,int)
com.aviary.android.feather.library.filters.INativeFiler:
    public abstract void executeInPlace(android.graphics.Bitmap)
com.aviary.android.feather.library.filters.INativeRangeFilter:
    public abstract com.aviary.android.feather.library.moa.MoaFloatParameter getValue()
com.aviary.android.feather.library.filters.NativeFilterProxy:
    43:47:public static android.graphics.Bitmap executeActions(com.aviary.android.feather.library.moa.MoaActionList,android.graphics.Bitmap,android.graphics.Bitmap,int,int)
    125:128:public static java.lang.String encodeActions(com.aviary.android.feather.library.moa.MoaActionList)
com.aviary.android.feather.library.filters.NativeRangeFilter:
    32:32:public com.aviary.android.feather.library.moa.MoaFloatParameter getValue()
com.aviary.android.feather.library.filters.SaturationFilter:
    15:25:public float getAmount(int,int)
com.aviary.android.feather.library.filters.SharpnessFilter:
    21:21:public void executeInPlace(android.graphics.Bitmap)
    43:46:public com.aviary.android.feather.library.moa.MoaFloatParameter getValue()
com.aviary.android.feather.library.graphics.CubicCurve:
    61:61:public android.graphics.PointF getA()
com.aviary.android.feather.library.graphics.FlattenPath:
    61:74:public float[] getPoints()
    105:105:public android.graphics.PointF getLastPoint()
    112:116:public void clear()
com.aviary.android.feather.library.graphics.Point2D:
    50:50:public static double angleBetweenPoints(android.graphics.PointF,android.graphics.PointF)
    62:62:public static double angleBetweenPoints(android.graphics.PointF,android.graphics.PointF,float)
    106:106:public static double radians(double)
com.aviary.android.feather.library.graphics.drawable.CircleDrawable
com.aviary.android.feather.library.graphics.drawable.EditableDrawable:
    public abstract float getTextSize()
    public abstract float getFontMetrics(android.graphics.Paint$FontMetrics)